{
  "RSpec": {
    "coverage": {
      "/Users/johnhess/Desktop/projects/music-tree2.0/spec/discog_spec.rb": [
        1,
        null,
        1,
        null,
        1,
        1,
        null,
        null,
        1,
        null,
        1,
        1,
        1,
        null,
        1,
        null,
        null,
        null,
        1,
        1,
        null,
        null,
        1,
        null,
        1,
        1,
        null,
        1,
        null,
        null,
        null,
        1,
        1,
        null,
        null,
        1,
        null,
        1,
        1,
        1,
        1,
        null,
        null,
        null,
        null,
        1,
        null,
        null,
        null,
        1,
        1,
        null,
        null,
        1,
        null,
        null,
        null,
        1,
        null,
        null,
        1,
        1,
        null,
        1,
        null,
        null,
        null
      ],
      "/Users/johnhess/Desktop/projects/music-tree2.0/spec/rails_helper.rb": [
        null,
        1,
        1,
        null,
        1,
        1,
        1,
        null,
        null,
        null,
        null,
        null,
        null,
        null,
        null,
        null,
        null,
        null,
        null,
        null,
        null,
        null,
        null,
        null,
        1,
        null,
        null,
        null,
        null,
        null,
        null,
        null,
        null,
        null,
        null,
        null,
        null,
        null,
        1,
        null
      ],
      "/Users/johnhess/Desktop/projects/music-tree2.0/config/environment.rb": [
        null,
        1,
        null,
        null,
        null,
        null,
        1
      ],
      "/Users/johnhess/Desktop/projects/music-tree2.0/config/application.rb": [
        1,
        null,
        null,
        null,
        null,
        null,
        1,
        null,
        null,
        1,
        null,
        null,
        null,
        null,
        1,
        null,
        1,
        null,
        1,
        1,
        1,
        1,
        null,
        null,
        null,
        null,
        null,
        null,
        null,
        null,
        null,
        null,
        null,
        null,
        null,
        null,
        null
      ],
      "/Users/johnhess/Desktop/projects/music-tree2.0/config/boot.rb": [
        1,
        null,
        1
      ],
      "/Users/johnhess/Desktop/projects/music-tree2.0/config/environments/test.rb": [
        1,
        null,
        null,
        null,
        null,
        null,
        null,
        1,
        null,
        null,
        null,
        null,
        1,
        null,
        null,
        1,
        1,
        null,
        null,
        1,
        1,
        null,
        null,
        1,
        null,
        null,
        1,
        null,
        null,
        null,
        null,
        null,
        null,
        null,
        1,
        null,
        null,
        1,
        null,
        null,
        null,
        null
      ],
      "/Users/johnhess/Desktop/projects/music-tree2.0/config/initializers/filter_parameter_logging.rb": [
        null,
        null,
        null,
        1
      ],
      "/Users/johnhess/Desktop/projects/music-tree2.0/config/initializers/secret_token.rb": [
        null,
        null,
        null,
        null,
        null,
        null,
        null,
        null,
        null,
        null,
        null,
        null,
        null,
        null,
        null,
        null,
        null,
        null,
        1
      ],
      "/Users/johnhess/Desktop/projects/music-tree2.0/config/initializers/wrap_parameters.rb": [
        null,
        null,
        null,
        null,
        null,
        null,
        null,
        null,
        null
      ],
      "/Users/johnhess/Desktop/projects/music-tree2.0/config/routes.rb": [
        1,
        1,
        null,
        1,
        1,
        1,
        1,
        null,
        1,
        null
      ],
      "/Users/johnhess/Desktop/projects/music-tree2.0/app/services/discog.rb": [
        1,
        1,
        1,
        1,
        null,
        1,
        4,
        4,
        null,
        null,
        1,
        null,
        1,
        1,
        null,
        null,
        1,
        1,
        null,
        null,
        1,
        1,
        1,
        null,
        null,
        1,
        1,
        null,
        null,
        1,
        null,
        1,
        null,
        1,
        1,
        null,
        null,
        1,
        1,
        null,
        null,
        1,
        1,
        null,
        null,
        null,
        1,
        null,
        null,
        null
      ],
      "/Users/johnhess/Desktop/projects/music-tree2.0/app/controllers/concerns/uri_helper.rb": [
        1,
        null,
        1,
        null,
        2,
        null,
        null,
        1,
        2,
        null,
        null,
        1,
        2,
        null,
        null,
        1,
        null,
        null,
        null,
        1,
        null,
        null,
        1,
        null,
        null,
        null,
        null,
        1,
        null,
        null,
        1,
        null,
        null,
        null,
        2,
        null,
        null
      ],
      "/Users/johnhess/Desktop/projects/music-tree2.0/spec/filter_spec.rb": [
        1,
        null,
        1,
        null,
        1,
        1,
        1,
        1,
        null,
        1,
        null,
        null,
        null,
        1,
        1,
        1,
        1,
        null,
        1,
        null,
        null,
        null
      ],
      "/Users/johnhess/Desktop/projects/music-tree2.0/spec/home_controller_spec.rb": [
        null,
        null,
        null,
        null,
        null,
        null,
        null,
        null,
        null,
        null,
        null
      ],
      "/Users/johnhess/Desktop/projects/music-tree2.0/app/services/filter.rb": [
        1,
        1,
        6,
        null,
        null,
        1,
        3,
        3,
        300,
        3,
        null,
        15,
        null,
        null,
        null,
        null,
        null,
        1,
        93,
        null,
        null,
        1,
        null,
        1,
        null,
        1,
        153,
        null,
        null
      ]
    },
    "timestamp": 1478299998
  }
}
